TN:
SF:src/app.ts
FNF:0
FNH:0
DA:3,1
DA:4,1
DA:5,1
DA:6,1
DA:8,1
DA:9,1
DA:10,1
DA:11,1
DA:13,1
DA:15,1
DA:16,1
DA:17,1
DA:18,1
DA:19,1
DA:20,1
DA:22,1
LF:16
LH:16
BRF:0
BRH:0
end_of_record
TN:
SF:src/config.ts
FNF:0
FNH:0
DA:1,5
DA:2,5
DA:3,5
DA:5,5
LF:4
LH:4
BRDA:6,0,0,5
BRDA:6,0,1,0
BRDA:7,1,0,5
BRDA:7,1,1,0
BRDA:8,2,0,5
BRDA:8,2,1,0
BRF:6
BRH:3
end_of_record
TN:
SF:src/controllers/favouriteController.ts
FN:12,(anonymous_8)
FN:16,(anonymous_9)
FN:16,(anonymous_10)
FN:21,(anonymous_11)
FN:22,(anonymous_12)
FN:41,(anonymous_13)
FN:41,(anonymous_14)
FN:60,(anonymous_15)
FN:60,(anonymous_16)
FNF:9
FNH:9
FNDA:12,(anonymous_8)
FNDA:3,(anonymous_9)
FNDA:3,(anonymous_10)
FNDA:4,(anonymous_11)
FNDA:6,(anonymous_12)
FNDA:5,(anonymous_13)
FNDA:5,(anonymous_14)
FNDA:5,(anonymous_15)
FNDA:5,(anonymous_16)
DA:4,2
DA:6,2
DA:12,2
DA:13,12
DA:16,3
DA:17,3
DA:18,3
DA:19,3
DA:20,3
DA:21,2
DA:22,4
DA:23,6
DA:24,6
DA:27,2
DA:28,1
DA:29,1
DA:30,1
DA:32,1
DA:33,1
DA:35,1
DA:36,1
DA:37,1
DA:41,5
DA:42,5
DA:43,5
DA:44,5
DA:45,4
DA:46,2
DA:47,2
DA:48,2
DA:50,2
DA:51,2
DA:52,2
DA:54,1
DA:55,1
DA:56,1
DA:60,5
DA:61,5
DA:62,5
DA:63,5
DA:64,4
DA:65,2
DA:66,2
DA:67,2
DA:69,2
DA:70,2
DA:72,1
DA:73,1
DA:74,1
DA:78,2
LF:50
LH:50
BRDA:27,0,0,1
BRDA:27,0,1,1
BRDA:45,1,0,2
BRDA:45,1,1,2
BRDA:64,2,0,2
BRDA:64,2,1,2
BRF:6
BRH:6
end_of_record
TN:
SF:src/controllers/ingredientController.ts
FN:9,(anonymous_7)
FN:9,(anonymous_8)
FN:21,(anonymous_9)
FNF:3
FNH:3
FNDA:3,(anonymous_7)
FNDA:3,(anonymous_8)
FNDA:5,(anonymous_9)
DA:5,2
DA:9,3
DA:10,3
DA:11,3
DA:12,3
DA:13,2
DA:14,2
DA:15,1
DA:16,1
DA:17,1
DA:19,1
DA:20,1
DA:21,5
DA:22,1
DA:23,1
DA:24,1
DA:26,1
DA:27,1
DA:28,1
DA:32,2
LF:20
LH:20
BRDA:14,0,0,1
BRDA:14,0,1,1
BRDA:14,1,0,2
BRDA:14,1,1,1
BRDA:21,2,0,5
BRDA:21,2,1,0
BRF:6
BRH:5
end_of_record
TN:
SF:src/controllers/recipeController.ts
FN:12,(anonymous_8)
FN:16,(anonymous_9)
FN:16,(anonymous_10)
FN:21,(anonymous_11)
FN:22,(anonymous_12)
FNF:5
FNH:5
FNDA:12,(anonymous_8)
FNDA:3,(anonymous_9)
FNDA:3,(anonymous_10)
FNDA:4,(anonymous_11)
FNDA:6,(anonymous_12)
DA:4,2
DA:6,2
DA:12,2
DA:13,12
DA:16,3
DA:17,3
DA:18,3
DA:19,3
DA:20,3
DA:21,2
DA:22,4
DA:23,6
DA:24,6
DA:27,2
DA:28,1
DA:29,1
DA:30,1
DA:32,1
DA:33,1
DA:35,1
DA:36,1
DA:37,1
DA:41,2
LF:23
LH:23
BRDA:27,0,0,1
BRDA:27,0,1,1
BRF:2
BRH:2
end_of_record
TN:
SF:src/models/db.ts
FNF:0
FNH:0
DA:1,5
DA:3,5
DA:5,5
DA:7,5
LF:4
LH:4
BRF:0
BRH:0
end_of_record
TN:
SF:src/models/favouriteModel.ts
FNF:0
FNH:0
DA:3,2
DA:5,2
DA:31,2
DA:37,2
DA:42,2
DA:54,2
DA:56,2
LF:7
LH:7
BRF:0
BRH:0
end_of_record
TN:
SF:src/models/ingredientModel.ts
FNF:0
FNH:0
DA:3,2
DA:5,2
DA:7,2
DA:28,2
DA:35,2
DA:43,2
DA:47,2
DA:48,2
DA:49,2
DA:51,2
LF:10
LH:10
BRF:0
BRH:0
end_of_record
TN:
SF:src/models/recipeModel.ts
FNF:0
FNH:0
DA:3,2
DA:5,2
DA:31,2
DA:37,2
DA:42,2
DA:54,2
DA:56,2
LF:7
LH:7
BRF:0
BRH:0
end_of_record
TN:
SF:src/routers/favouriteRouter.ts
FNF:0
FNH:0
DA:3,1
DA:5,1
DA:7,1
DA:9,1
DA:10,1
DA:11,1
DA:13,1
LF:7
LH:7
BRF:0
BRH:0
end_of_record
TN:
SF:src/routers/ingredientRouter.ts
FNF:0
FNH:0
DA:3,1
DA:5,1
DA:7,1
DA:9,1
DA:11,1
LF:5
LH:5
BRF:0
BRH:0
end_of_record
TN:
SF:src/routers/recipeRouter.ts
FNF:0
FNH:0
DA:3,1
DA:5,1
DA:7,1
DA:9,1
DA:11,1
LF:5
LH:5
BRF:0
BRH:0
end_of_record
